<?xml version="1.0" encoding="UTF-8"?>
<testng-results ignored="0" total="1" passed="1" failed="0" skipped="0">
  <reporter-output>
  </reporter-output>
  <suite started-at="2025-08-06T06:04:04Z" name="Default suite" finished-at="2025-08-06T06:04:08Z" duration-ms="4355">
    <groups>
    </groups>
    <test started-at="2025-08-06T06:04:04Z" name="Default test" finished-at="2025-08-06T06:04:08Z" duration-ms="4355">
      <class name="testPackage.Test1">
        <test-method signature="a()[pri:0, instance:testPackage.Test1@43df23d3]" started-at="2025-08-06T06:04:04Z" name="a" finished-at="2025-08-06T06:04:08Z" duration-ms="4337" status="PASS">
          <reporter-output>
          </reporter-output>
        </test-method> <!-- a -->
      </class> <!-- testPackage.Test1 -->
    </test> <!-- Default test -->
  </suite> <!-- Default suite -->
</testng-results>
